[INFO ] 2022-08-17 15:51:48.725 [main] Log - Bicycle Health Application started.....
[INFO ] 2022-08-17 15:51:52.370 [main] Log - Clicked on first Login button.
[INFO ] 2022-08-17 15:51:54.992 [main] Log - Provided valid login credentials and clicked on Login.
[INFO ] 2022-08-17 15:52:09.525 [main] Log - Clicked on Chat Bubble.
[INFO ] 2022-08-17 15:52:11.928 [main] Log - Clicked on Tech Support button.
[INFO ] 2022-08-17 15:52:18.753 [main] Log - Clicked and entered data in to chat field and clear.
[INFO ] 2022-08-17 15:52:23.202 [main] Log - Clicked on back arrow.
[INFO ] 2022-08-17 15:52:25.674 [main] Log - Clicked on Resources.
[INFO ] 2022-08-17 15:52:27.958 [main] Log - Clicked on Logout.
[INFO ] 2022-08-17 15:53:40.183 [main] Log - Bicycle Health Application started.....
[INFO ] 2022-08-17 15:53:48.692 [main] Log - Clicked on first Login button.
[INFO ] 2022-08-17 15:53:51.420 [main] Log - Provided valid login credentials and clicked on Login.
[INFO ] 2022-08-17 15:53:59.295 [main] Log - Clicked on Chat Bubble.
[INFO ] 2022-08-17 15:54:01.934 [main] Log - Clicked on Tech Support button.
[INFO ] 2022-08-17 15:54:06.136 [main] Log - Clicked and entered data in to chat field and clear.
[INFO ] 2022-08-17 15:54:21.728 [main] Log - Clicked on back arrow.
[INFO ] 2022-08-17 15:54:25.010 [main] Log - Clicked on Resources.
[INFO ] 2022-08-17 15:54:26.577 [main] Log - Clicked on Logout.
[INFO ] 2022-08-17 15:57:51.917 [main] Log - Bicycle Health Application started.....
[INFO ] 2022-08-17 15:57:55.443 [main] Log - Clicked on first Login button.
[INFO ] 2022-08-17 15:57:58.129 [main] Log - Provided valid login credentials and clicked on Login.
[INFO ] 2022-08-17 15:58:07.440 [main] Log - Clicked on Chat Bubble.
[INFO ] 2022-08-17 15:58:09.101 [main] Log - Clicked on Tech Support button.
[INFO ] 2022-08-17 15:58:12.776 [main] Log - Clicked and entered data in to chat field and clear.
[INFO ] 2022-08-17 15:58:27.619 [main] Log - Clicked on back arrow.
[INFO ] 2022-08-17 15:58:48.321 [main] Log - Clicked on Resources.
[INFO ] 2022-08-17 15:58:50.869 [main] Log - Clicked on Logout.
[INFO ] 2022-08-17 16:02:04.796 [main] Log - Bicycle Health Application started.....
[INFO ] 2022-08-17 16:02:08.271 [main] Log - Clicked on first Login button.
[INFO ] 2022-08-17 16:02:10.955 [main] Log - Provided valid login credentials and clicked on Login.
[INFO ] 2022-08-17 16:02:21.295 [main] Log - Clicked on Chat Bubble.
[INFO ] 2022-08-17 16:02:22.544 [main] Log - Clicked on Tech Support button.
[INFO ] 2022-08-17 16:02:26.740 [main] Log - Clicked and entered data in to chat field and clear.
[INFO ] 2022-08-17 16:03:06.035 [main] Log - Clicked on back arrow.
[INFO ] 2022-08-17 16:03:09.624 [main] Log - Clicked on Resources.
[INFO ] 2022-08-17 16:03:11.991 [main] Log - Clicked on Logout.
[INFO ] 2022-08-17 16:04:23.663 [main] Log - Bicycle Health Application started.....
[INFO ] 2022-08-17 16:04:27.165 [main] Log - Clicked on first Login button.
[INFO ] 2022-08-17 16:04:29.745 [main] Log - Provided valid login credentials and clicked on Login.
[INFO ] 2022-08-17 16:04:38.411 [main] Log - Clicked on Chat Bubble.
[INFO ] 2022-08-17 16:04:40.836 [main] Log - Clicked on Tech Support button.
[INFO ] 2022-08-17 16:04:45.130 [main] Log - Clicked and entered data in to chat field and clear.
[INFO ] 2022-08-17 16:06:24.738 [main] Log - Clicked on back arrow.
[INFO ] 2022-08-17 16:06:46.704 [main] Log - Clicked on Resources.
[INFO ] 2022-08-17 16:06:49.713 [main] Log - Clicked on Logout.
[INFO ] 2022-08-17 16:08:10.986 [main] Log - Bicycle Health Application started.....
[INFO ] 2022-08-17 16:08:14.462 [main] Log - Clicked on first Login button.
[INFO ] 2022-08-17 16:08:17.106 [main] Log - Provided valid login credentials and clicked on Login.
[INFO ] 2022-08-17 16:08:24.636 [main] Log - Clicked on Chat Bubble.
[INFO ] 2022-08-17 16:08:27.292 [main] Log - Clicked on Tech Support button.
[INFO ] 2022-08-17 16:08:31.525 [main] Log - Clicked and entered data in to chat field and clear.
[INFO ] 2022-08-17 16:09:45.647 [main] Log - Clicked on back arrow.
[INFO ] 2022-08-17 16:09:47.772 [main] Log - Clicked on Resources.
[INFO ] 2022-08-17 16:09:49.996 [main] Log - Clicked on Logout.
